[Metrics(v3)] metrics new writer error: metrics sdk can not get agent socket path, all metrics would be dropped
å‚æ•°è¯´æ˜Ž
   --disable_upgrade          ç¦æ­¢è‡ªåŠ¨å‡çº§ (default: false)
   --boe                      ä½¿ç”¨ BOE çŽ¯å¢ƒ (default: false)
   --ppe                      ä½¿ç”¨ PPE çŽ¯å¢ƒ (default: false)
   --faas                     è¿›å…¥ FaaS çŽ¯å¢ƒå®¹å™¨ (default: false)
   --cron                     è¿›å…¥ CronJob çŽ¯å¢ƒå®¹å™¨ (default: false)
   --notebook                 è¿›å…¥ NoteBook çŽ¯å¢ƒå®¹å™¨ (default: false)
   --mlx                      è¿›å…¥ MLX çŽ¯å¢ƒå®¹å™¨ (default: false)
   --tlb_k8s                  è¿›å…¥ TLB Kubernetes å®¹å™¨ (default: false)
   --bytegraph                è¿›å…¥ ByteGraph å®¹å™¨ (default: false)
   --arnold                   è¿›å…¥ Arnold çŽ¯å¢ƒå®¹å™¨ (default: false)
   --bernard                  è¿›å…¥ Bernard çŽ¯å¢ƒå®¹å™¨ (default: false)
   --essql                    è¿›å…¥ ES SQL æŸ¥è¯¢çŽ¯å¢ƒ (default: false)
   --byte_ide                 è¿›å…¥ ByteIDE çŽ¯å¢ƒå®¹å™¨ (default: false)
   --codebase_ci              è¿›å…¥ Codebase CI çŽ¯å¢ƒå®¹å™¨ (default: false)
   --yarn                     è¿›å…¥ Yarn çŽ¯å¢ƒå®¹å™¨ (default: false)
   --megatron                 è¿›å…¥ Megatron çŽ¯å¢ƒå®¹å™¨ (default: false)
   --prj value                é€‰æ‹© NoteBook é¡¹ç›®(åç§°æˆ–ID)
   --psm value                è¿›å…¥å“ªä¸ªæœåŠ¡çš„ Shell
   --first                    å¦‚æžœåŒ¹é…åˆ°å¤šä¸ªå®¹å™¨ï¼Œç›´æŽ¥è¿›å…¥ç¬¬ä¸€ä¸ªå®¹å™¨ä¸­ (default: false)
   --ip value                 æŒ‰ IP åŒ¹é…å®¹å™¨
   --pod value                æŒ‰ PodName åŒ¹é…å®¹å™¨
   --container_type value     æŒ‰ Container Type åŒ¹é…å®¹å™¨
   --service_id value         æŒ‰ Service ID åŒ¹é…å®¹å™¨
   --app_id value             æŒ‰ App ID åŒ¹é…å®¹å™¨
   --strict                   æ˜¯å¦ä½¿ç”¨ä¸¥æ ¼æ¨¡å¼åŒ¹é… PSM (default: false)
   --env_tag value            æŒ‰ Env Tag åŒ¹é…å®¹å™¨
   --zone value               æŒ‰ Zone åŒ¹é…é›†ç¾¤
   --cluster value            æŒ‰ Cluster åŒ¹é…é›†ç¾¤
   --site value               é€‰æ‹©ä¸åŒçš„ Site æœºæž¶/åŒºåŸŸ(sinf)
   --idc value                é€‰æ‹©ä¸åŒçš„ IDC æœºæˆ¿
   --merge_request value      è¾“å…¥ Codebase Merge Request é“¾æŽ¥
   --command value, -c value  è¿›å…¥å®¹å™¨åŽæ‰§è¡Œå‘½ä»¤
   --command_timeout value    è¿›å…¥å®¹å™¨åŽæ‰§è¡Œå‘½ä»¤åŽï¼Œå¤šå°‘ ms åŽé€€å‡ºï¼Œä¸º 0 åˆ™ä¸é€€å‡º (default: 0)
   --root                     ä»¥ root èº«ä»½è¿›å…¥å®¹å™¨ (default: false)
   --help, -h                 Show Help (default: false)

stty -echo
mkdir -p /tmp/kill-webshell/; echo "pkill -9 -P $$; sleep 3; pkill -9 -s $$; rm /tmp/kill-webshell/containerd-e9cd2e03780d4a2ff658f977651667d9db2e992ea6d1bb08ada43bce5901a2a1" > /tmp/kill-webshell/containerd-e9cd2e03780d4a2ff658f977651667d9db2e992ea6d1bb08ada43bce5901a2a1;[[ -z "$ZSH" ]] && export TERM=linux || export TERM=xterm-256color
source /opt/tiger/tce/tce_tools/bin/tce_cd
[[ -e "/usr/bin/third_party_cd" ]] && source /usr/bin/third_party_cd || true
stty echo; clear;history -c;
dp-77fae5f455-c76495874-8zbb8(data.galaxy.facade@EU-TTP:prod):/# stty -echo
dp-77fae5f455-c76495874-8zbb8(data.galaxy.facade@EU-TTP:prod):/# dp-77fae5f455-c76495874-8zbb8(data.galaxy.facade@EU-TTP:prod):/# dp-77fae5f455-c76495874-8zbb8(data.galaxy.facade@EU-TTP:prod):facade# dp-77fae5f455-c76495874-8zbb8(data.galaxy.facade@EU-TTP:prod):facade# [H[Jdp-77fae5f455-c76495874-8zbb8(data.galaxy.facade@EU-TTP:prod):facade# pwd
/opt/tiger/facade
dp-77fae5f455-c76495874-8zbb8(data.galaxy.facade@EU-TTP:prod):facade# 